<?xml version="1.0" encoding="UTF-8" ?>
<testsuite failures="0" time="11.44" errors="0" skipped="0" tests="13" name="com.mycompany.nearestcab.domain.CabIntegrationTest">
  <properties>
    <property name="java.runtime.name" value="Java(TM) SE Runtime Environment"/>
    <property name="sun.boot.library.path" value="C:\Program Files\Java\jdk1.6.0_45\jre\bin"/>
    <property name="java.vm.version" value="20.45-b01"/>
    <property name="java.vm.vendor" value="Sun Microsystems Inc."/>
    <property name="java.vendor.url" value="http://java.sun.com/"/>
    <property name="path.separator" value=";"/>
    <property name="guice.disable.misplaced.annotation.check" value="true"/>
    <property name="java.vm.name" value="Java HotSpot(TM) 64-Bit Server VM"/>
    <property name="file.encoding.pkg" value="sun.io"/>
    <property name="user.country" value="US"/>
    <property name="sun.java.launcher" value="SUN_STANDARD"/>
    <property name="sun.os.patch.level" value="Service Pack 1"/>
    <property name="java.vm.specification.name" value="Java Virtual Machine Specification"/>
    <property name="user.dir" value="C:\Users\jonsng\Documents\GitHub\nearestcab"/>
    <property name="java.runtime.version" value="1.6.0_45-b06"/>
    <property name="java.awt.graphicsenv" value="sun.awt.Win32GraphicsEnvironment"/>
    <property name="java.endorsed.dirs" value="C:\Program Files\Java\jdk1.6.0_45\jre\lib\endorsed"/>
    <property name="os.arch" value="amd64"/>
    <property name="java.io.tmpdir" value="C:\Users\jonsng\AppData\Local\Temp\"/>
    <property name="line.separator" value="
"/>
    <property name="java.vm.specification.vendor" value="Sun Microsystems Inc."/>
    <property name="user.variant" value=""/>
    <property name="os.name" value="Windows 7"/>
    <property name="classworlds.conf" value="D:\apache-maven-3.1.1\bin\m2.conf"/>
    <property name="sun.jnu.encoding" value="Cp1252"/>
    <property name="java.library.path" value="C:\Program Files\Java\jdk1.6.0_45\bin;C:\Windows\Sun\Java\bin;C:\Windows\system32;C:\Windows;C:\Users\jonsng\AppData\Local\GitHub\PortableGit_0f65d050d0c352fd38a0b25d82ee942deb19ef87\cmd;C:\Users\jonsng\AppData\Local\GitHub\PortableGit_0f65d050d0c352fd38a0b25d82ee942deb19ef87\bin;C:\Users\jonsng\AppData\Local\Apps\2.0\NVEKBKRJ.GZA\V226WM0V.68G\gith..tion_317444273a93ac29_0001.0002_878eda3344b3e794;C:\Windows\Microsoft.NET\Framework\v4.0.30319;C:\Program Files\Common Files\Microsoft Shared\Windows Live;C:\Program Files (x86)\Common Files\Microsoft Shared\Windows Live;C:\Windows\system32;C:\Windows;C:\Windows\System32\Wbem;C:\Windows\System32\WindowsPowerShell\v1.0\;C:\Program Files (x86)\Windows Live\Shared;C:\Program Files\MySQL\MySQL Server 5.5\bin;C:\Program Files\Java\jre6\bin;C:\Program Files (x86)\Heroku\bin;C:\Program Files (x86)\git\cmd;D:\apache-maven-3.1.1\bin;C:\Program Files\Java\jdk1.6.0_45\bin;D:\spring-roo-1.2.4.RELEASE\bin;."/>
    <property name="java.specification.name" value="Java Platform API Specification"/>
    <property name="java.class.version" value="50.0"/>
    <property name="sun.management.compiler" value="HotSpot 64-Bit Tiered Compilers"/>
    <property name="os.version" value="6.1"/>
    <property name="user.home" value="C:\Users\jonsng"/>
    <property name="user.timezone" value="America/New_York"/>
    <property name="java.awt.printerjob" value="sun.awt.windows.WPrinterJob"/>
    <property name="file.encoding" value="Cp1252"/>
    <property name="java.specification.version" value="1.6"/>
    <property name="user.name" value="jonsng"/>
    <property name="java.class.path" value="D:\apache-maven-3.1.1\boot\plexus-classworlds-2.5.1.jar"/>
    <property name="org.slf4j.simpleLogger.defaultLogLevel" value="info"/>
    <property name="java.vm.specification.version" value="1.0"/>
    <property name="sun.arch.data.model" value="64"/>
    <property name="java.home" value="C:\Program Files\Java\jdk1.6.0_45\jre"/>
    <property name="sun.java.command" value="org.codehaus.plexus.classworlds.launcher.Launcher package"/>
    <property name="java.specification.vendor" value="Sun Microsystems Inc."/>
    <property name="user.language" value="en"/>
    <property name="awt.toolkit" value="sun.awt.windows.WToolkit"/>
    <property name="java.vm.info" value="mixed mode"/>
    <property name="java.version" value="1.6.0_45"/>
    <property name="java.ext.dirs" value="C:\Program Files\Java\jdk1.6.0_45\jre\lib\ext;C:\Windows\Sun\Java\lib\ext"/>
    <property name="sun.boot.class.path" value="C:\Program Files\Java\jdk1.6.0_45\jre\lib\resources.jar;C:\Program Files\Java\jdk1.6.0_45\jre\lib\rt.jar;C:\Program Files\Java\jdk1.6.0_45\jre\lib\sunrsasign.jar;C:\Program Files\Java\jdk1.6.0_45\jre\lib\jsse.jar;C:\Program Files\Java\jdk1.6.0_45\jre\lib\jce.jar;C:\Program Files\Java\jdk1.6.0_45\jre\lib\charsets.jar;C:\Program Files\Java\jdk1.6.0_45\jre\lib\modules\jdk.boot.jar;C:\Program Files\Java\jdk1.6.0_45\jre\classes"/>
    <property name="java.vendor" value="Sun Microsystems Inc."/>
    <property name="maven.home" value="D:\apache-maven-3.1.1"/>
    <property name="file.separator" value="\"/>
    <property name="java.vendor.url.bug" value="http://java.sun.com/cgi-bin/bugreport.cgi"/>
    <property name="sun.cpu.endian" value="little"/>
    <property name="sun.io.unicode.encoding" value="UnicodeLittle"/>
    <property name="sun.desktop" value="windows"/>
    <property name="sun.cpu.isalist" value="amd64"/>
  </properties>
  <testcase time="10.314" classname="com.mycompany.nearestcab.domain.CabIntegrationTest" name="testFindCab"/>
  <testcase time="0.26" classname="com.mycompany.nearestcab.domain.CabIntegrationTest" name="testFlush"/>
  <testcase time="0.287" classname="com.mycompany.nearestcab.domain.CabIntegrationTest" name="testGetRelevantCabs"/>
  <testcase time="0.114" classname="com.mycompany.nearestcab.domain.CabIntegrationTest" name="testPersist"/>
  <testcase time="0.008" classname="com.mycompany.nearestcab.domain.CabIntegrationTest" name="testMarkerMethod"/>
  <testcase time="0.038" classname="com.mycompany.nearestcab.domain.CabIntegrationTest" name="testFindAllCabs"/>
  <testcase time="0.034" classname="com.mycompany.nearestcab.domain.CabIntegrationTest" name="testFindCabEntries"/>
  <testcase time="0.052" classname="com.mycompany.nearestcab.domain.CabIntegrationTest" name="testMergeUpdate"/>
  <testcase time="0.125" classname="com.mycompany.nearestcab.domain.CabIntegrationTest" name="testPutCreateUpdate"/>
  <testcase time="0.069" classname="com.mycompany.nearestcab.domain.CabIntegrationTest" name="testFindCabEntriesRO"/>
  <testcase time="0.081" classname="com.mycompany.nearestcab.domain.CabIntegrationTest" name="testRemove"/>
  <testcase time="0.03" classname="com.mycompany.nearestcab.domain.CabIntegrationTest" name="testGetDistance"/>
  <testcase time="0.028" classname="com.mycompany.nearestcab.domain.CabIntegrationTest" name="testCountCabs"/>
</testsuite>