<?xml version="1.0" encoding="UTF-8" ?>
<testsuite failures="0" time="9.306" errors="0" skipped="0" tests="13" name="com.mycompany.nearestcab.domain.CabIntegrationTest">
  <properties>
    <property name="java.runtime.name" value="Java(TM) SE Runtime Environment"/>
    <property name="sun.boot.library.path" value="c:\Program Files\Java\jdk1.6.0_45\jre\bin"/>
    <property name="java.vm.version" value="20.45-b01"/>
    <property name="java.vm.vendor" value="Sun Microsystems Inc."/>
    <property name="java.vendor.url" value="http://java.sun.com/"/>
    <property name="path.separator" value=";"/>
    <property name="guice.disable.misplaced.annotation.check" value="true"/>
    <property name="java.vm.name" value="Java HotSpot(TM) 64-Bit Server VM"/>
    <property name="file.encoding.pkg" value="sun.io"/>
    <property name="user.country" value="US"/>
    <property name="sun.java.launcher" value="SUN_STANDARD"/>
    <property name="sun.os.patch.level" value="Service Pack 1"/>
    <property name="java.vm.specification.name" value="Java Virtual Machine Specification"/>
    <property name="user.dir" value="d:\Users\jonsan85\workspace\nearestcab"/>
    <property name="java.runtime.version" value="1.6.0_45-b06"/>
    <property name="java.awt.graphicsenv" value="sun.awt.Win32GraphicsEnvironment"/>
    <property name="java.endorsed.dirs" value="c:\Program Files\Java\jdk1.6.0_45\jre\lib\endorsed"/>
    <property name="os.arch" value="amd64"/>
    <property name="java.io.tmpdir" value="C:\Users\jonsng\AppData\Local\Temp\"/>
    <property name="line.separator" value="
"/>
    <property name="java.vm.specification.vendor" value="Sun Microsystems Inc."/>
    <property name="user.variant" value=""/>
    <property name="os.name" value="Windows 7"/>
    <property name="classworlds.conf" value="d:/apache-maven-3.1.1/bin/m2.conf"/>
    <property name="sun.jnu.encoding" value="Cp1252"/>
    <property name="java.library.path" value="c:\Program Files\Java\jdk1.6.0_45\bin;C:\Windows\Sun\Java\bin;C:\Windows\system32;C:\Windows;c:\Users\jonsng\bin;.;C:\Program Files (x86)\Git\local\bin;C:\Program Files (x86)\Git\mingw\bin;C:\Program Files (x86)\Git\bin;C:\Program Files (x86)\Git\bin;c:\Program Files\Common Files\Microsoft Shared\Windows Live;c:\Program Files (x86)\Common Files\Microsoft Shared\Windows Live;c:\Windows\system32;c:\Windows;c:\Windows\System32\Wbem;c:\Windows\System32\WindowsPowerShell\v1.0\;c:\Program Files (x86)\Windows Live\Shared;c:\Program Files\MySQL\MySQL Server 5.5\bin;c:\Program Files\Java\jre6\bin;c:\Program Files (x86)\Heroku\bin;C:\Program Files (x86)\Git\cmd;d:\apache-maven-3.1.1\bin;c:\Program Files\Java\jdk1.6.0_45\bin;d:\spring-roo-1.2.4.RELEASE\bin;."/>
    <property name="java.specification.name" value="Java Platform API Specification"/>
    <property name="java.class.version" value="50.0"/>
    <property name="sun.management.compiler" value="HotSpot 64-Bit Tiered Compilers"/>
    <property name="os.version" value="6.1"/>
    <property name="user.home" value="C:\Users\jonsng"/>
    <property name="user.timezone" value="America/New_York"/>
    <property name="java.awt.printerjob" value="sun.awt.windows.WPrinterJob"/>
    <property name="file.encoding" value="Cp1252"/>
    <property name="java.specification.version" value="1.6"/>
    <property name="user.name" value="jonsng"/>
    <property name="java.class.path" value="d:/apache-maven-3.1.1/boot/plexus-classworlds-2.5.1.jar"/>
    <property name="org.slf4j.simpleLogger.defaultLogLevel" value="info"/>
    <property name="java.vm.specification.version" value="1.0"/>
    <property name="sun.arch.data.model" value="64"/>
    <property name="java.home" value="c:\Program Files\Java\jdk1.6.0_45\jre"/>
    <property name="sun.java.command" value="org.codehaus.plexus.classworlds.launcher.Launcher clean install"/>
    <property name="java.specification.vendor" value="Sun Microsystems Inc."/>
    <property name="user.language" value="en"/>
    <property name="awt.toolkit" value="sun.awt.windows.WToolkit"/>
    <property name="java.vm.info" value="mixed mode"/>
    <property name="java.version" value="1.6.0_45"/>
    <property name="java.ext.dirs" value="c:\Program Files\Java\jdk1.6.0_45\jre\lib\ext;C:\Windows\Sun\Java\lib\ext"/>
    <property name="sun.boot.class.path" value="c:\Program Files\Java\jdk1.6.0_45\jre\lib\resources.jar;c:\Program Files\Java\jdk1.6.0_45\jre\lib\rt.jar;c:\Program Files\Java\jdk1.6.0_45\jre\lib\sunrsasign.jar;c:\Program Files\Java\jdk1.6.0_45\jre\lib\jsse.jar;c:\Program Files\Java\jdk1.6.0_45\jre\lib\jce.jar;c:\Program Files\Java\jdk1.6.0_45\jre\lib\charsets.jar;c:\Program Files\Java\jdk1.6.0_45\jre\lib\modules\jdk.boot.jar;c:\Program Files\Java\jdk1.6.0_45\jre\classes"/>
    <property name="java.vendor" value="Sun Microsystems Inc."/>
    <property name="maven.home" value="d:\apache-maven-3.1.1"/>
    <property name="file.separator" value="\"/>
    <property name="java.vendor.url.bug" value="http://java.sun.com/cgi-bin/bugreport.cgi"/>
    <property name="sun.cpu.endian" value="little"/>
    <property name="sun.io.unicode.encoding" value="UnicodeLittle"/>
    <property name="sun.desktop" value="windows"/>
    <property name="sun.cpu.isalist" value="amd64"/>
  </properties>
  <testcase time="8.632" classname="com.mycompany.nearestcab.domain.CabIntegrationTest" name="testFindCab"/>
  <testcase time="0.082" classname="com.mycompany.nearestcab.domain.CabIntegrationTest" name="testFlush"/>
  <testcase time="0.141" classname="com.mycompany.nearestcab.domain.CabIntegrationTest" name="testGetRelevantCabs"/>
  <testcase time="0.081" classname="com.mycompany.nearestcab.domain.CabIntegrationTest" name="testPersist"/>
  <testcase time="0.011" classname="com.mycompany.nearestcab.domain.CabIntegrationTest" name="testMarkerMethod"/>
  <testcase time="0.033" classname="com.mycompany.nearestcab.domain.CabIntegrationTest" name="testFindAllCabs"/>
  <testcase time="0.036" classname="com.mycompany.nearestcab.domain.CabIntegrationTest" name="testFindCabEntries"/>
  <testcase time="0.031" classname="com.mycompany.nearestcab.domain.CabIntegrationTest" name="testMergeUpdate"/>
  <testcase time="0.107" classname="com.mycompany.nearestcab.domain.CabIntegrationTest" name="testPutCreateUpdate"/>
  <testcase time="0.056" classname="com.mycompany.nearestcab.domain.CabIntegrationTest" name="testFindCabEntriesRO"/>
  <testcase time="0.046" classname="com.mycompany.nearestcab.domain.CabIntegrationTest" name="testRemove"/>
  <testcase time="0.024" classname="com.mycompany.nearestcab.domain.CabIntegrationTest" name="testGetDistance"/>
  <testcase time="0.026" classname="com.mycompany.nearestcab.domain.CabIntegrationTest" name="testCountCabs"/>
</testsuite>